-------------------------------------------------------------------------------
Test set: ru.yandex.practicum.tests.UserTests
-------------------------------------------------------------------------------
Tests run: 5, Failures: 1, Errors: 0, Skipped: 0, Time elapsed: 3.217 s <<< FAILURE! - in ru.yandex.practicum.tests.UserTests
shouldCreateUserDuplicate(ru.yandex.practicum.tests.UserTests)  Time elapsed: 1.116 s  <<< FAILURE!
java.lang.AssertionError: 
1 expectation failed.
Expected status code <403> but was <200>.

	at ru.yandex.practicum.tests.UserTests.shouldCreateUserDuplicate(UserTests.java:63)

