-------------------------------------------------------------------------------
Test set: ru.yandex.practicum.tests.UserTests
-------------------------------------------------------------------------------
Tests run: 5, Failures: 1, Errors: 0, Skipped: 0, Time elapsed: 6.202 s <<< FAILURE! - in ru.yandex.practicum.tests.UserTests
shouldCreateUserTest(ru.yandex.practicum.tests.UserTests)  Time elapsed: 1.257 s  <<< FAILURE!
java.lang.AssertionError: 
1 expectation failed.
Expected status code <200> but was <403>.

	at ru.yandex.practicum.tests.UserTests.shouldCreateUserTest(UserTests.java:53)

