<?xml version="1.0" encoding="UTF-8"?>
<testsuite xmlns:xsi="http://www.w3.org/2001/XMLSchema-instance" xsi:noNamespaceSchemaLocation="https://maven.apache.org/surefire/maven-surefire-plugin/xsd/surefire-test-report.xsd" name="ru.yandex.practicum.tests.UserTests" time="3.217" tests="5" errors="0" skipped="0" failures="1">
  <properties>
[...]
</properties>
  <testcase name="shouldCreateUserDuplicate" classname="ru.yandex.practicum.tests.UserTests" time="1.116">
    <failure message="1 expectation failed.&#10;Expected status code &lt;403&gt; but was &lt;200&gt;.&#10;" type="java.lang.AssertionError"><![CDATA[java.lang.AssertionError: 
1 expectation failed.
Expected status code <403> but was <200>.

	at ru.yandex.practicum.tests.UserTests.shouldCreateUserDuplicate(UserTests.java:63)
]]></failure>
    <system-out><![CDATA[Request method:	POST
Request URI:	https://stellarburgers.education-services.ru/api/auth/register
Proxy:			<none>
Request params:	<none>
Query params:	<none>
Form params:	<none>
Path params:	<none>
Headers:		Accept=*/*
				Content-Type=application/json
Cookies:		<none>
Multiparts:		<none>
Body:
{
    "email": "oe9WZa1AWV@example.com",
    "password": "ehBbKSoMCVoJ",
    "name": "pyyUsVFCojtx"
}

HTTP/1.1 200 OK
Server: nginx/1.18.0 (Ubuntu)
Date: Sat, 18 Oct 2025 20:21:56 GMT
Content-Type: application/json; charset=utf-8
Content-Length: 373
Connection: keep-alive
X-Powered-By: Express
Access-Control-Allow-Origin: *
authorization: Bearer eyJhbGciOiJIUzI1NiIsInR5cCI6IkpXVCJ9.eyJpZCI6IjY4ZjNmNmU0ODJkN2VkMDAxYzUzNTYxZSIsImlhdCI6MTc2MDgxODkxNiwiZXhwIjoxNzYwODIwMTE2fQ.4MjZ1fM_Q0hjN9FsKk7-zsp7wBogsk5QV7_J-VFPDI8
ETag: W/"175-KbQFeWIiWISaolCT4SU6k1WaMw8"

{
    "success": true,
    "user": {
        "email": "oe9wza1awv@example.com",
        "name": "pyyUsVFCojtx"
    },
    "accessToken": "Bearer eyJhbGciOiJIUzI1NiIsInR5cCI6IkpXVCJ9.eyJpZCI6IjY4ZjNmNmU0ODJkN2VkMDAxYzUzNTYxZSIsImlhdCI6MTc2MDgxODkxNiwiZXhwIjoxNzYwODIwMTE2fQ.4MjZ1fM_Q0hjN9FsKk7-zsp7wBogsk5QV7_J-VFPDI8",
    "refreshToken": "e7e14c021ceaf7ab76516a8e9b370e1ba03c55210aa921fa7b4cbd61ddaf1dc3a750f7ae9c09e2c2"
}
]]></system-out>
  </testcase>
  <testcase name="shouldNotCreateUserWithoutPassword" classname="ru.yandex.practicum.tests.UserTests" time="0.301"/>
  <testcase name="shouldCreateUserTest" classname="ru.yandex.practicum.tests.UserTests" time="1.237"/>
  <testcase name="shouldNotCreateUserWithoutEmail" classname="ru.yandex.practicum.tests.UserTests" time="0.275"/>
  <testcase name="shouldNotCreateUserWithoutName" classname="ru.yandex.practicum.tests.UserTests" time="0.288"/>
</testsuite>