<?xml version="1.0" encoding="UTF-8"?>
<testsuite xmlns:xsi="http://www.w3.org/2001/XMLSchema-instance" xsi:noNamespaceSchemaLocation="https://maven.apache.org/surefire/maven-surefire-plugin/xsd/surefire-test-report.xsd" name="ru.yandex.practicum.tests.CreateOrderTest" time="9.563" tests="4" errors="0" skipped="0" failures="2">
  <properties>
[...]
</properties>
  <testcase name="shouldCreateOrderSuccessfully" classname="ru.yandex.practicum.tests.CreateOrderTest" time="5.284"/>
  <testcase name="shouldNotCreateOrderWithoutAuthorization" classname="ru.yandex.practicum.tests.CreateOrderTest" time="1.467">
    <failure message="1 expectation failed.&#10;Expected status code &lt;401&gt; but was &lt;200&gt;.&#10;" type="java.lang.AssertionError"><![CDATA[java.lang.AssertionError: 
1 expectation failed.
Expected status code <401> but was <200>.

	at ru.yandex.practicum.tests.CreateOrderTest.shouldNotCreateOrderWithoutAuthorization(CreateOrderTest.java:90)
]]></failure>
    <system-out><![CDATA[Request method:	POST
Request URI:	https://stellarburgers.education-services.ru/api/orders
Proxy:			<none>
Request params:	<none>
Query params:	<none>
Form params:	<none>
Path params:	<none>
Headers:		Accept=*/*
				Content-Type=application/json
Cookies:		<none>
Multiparts:		<none>
Body:
{
    "ingredients": [
        "61c0c5a71d1f82001bdaaa6d",
        "61c0c5a71d1f82001bdaaa6f"
    ]
}

HTTP/1.1 200 OK
Server: nginx/1.18.0 (Ubuntu)
Date: Tue, 14 Oct 2025 19:57:24 GMT
Content-Type: application/json; charset=utf-8
Content-Length: 114
Connection: keep-alive
X-Powered-By: Express
Access-Control-Allow-Origin: *
ETag: W/"72-/4SJ3im26RD2q1rQdE50V2xNpKM"

{
    "success": true,
    "name": "Бессмертный флюоресцентный бургер",
    "order": {
        "number": 7760
    }
}
]]></system-out>
  </testcase>
  <testcase name="shouldNotCreateOrderWithInvalidIngredients" classname="ru.yandex.practicum.tests.CreateOrderTest" time="1.34">
    <failure message="1 expectation failed.&#10;Expected status code &lt;500&gt; but was &lt;400&gt;.&#10;" type="java.lang.AssertionError"><![CDATA[java.lang.AssertionError: 
1 expectation failed.
Expected status code <500> but was <400>.

	at ru.yandex.practicum.tests.CreateOrderTest.shouldNotCreateOrderWithInvalidIngredients(CreateOrderTest.java:75)
]]></failure>
    <system-out><![CDATA[Request method:	POST
Request URI:	https://stellarburgers.education-services.ru/api/orders
Proxy:			<none>
Request params:	<none>
Query params:	<none>
Form params:	<none>
Path params:	<none>
Headers:		Accept=*/*
				Content-Type=application/json
Cookies:		<none>
Multiparts:		<none>
Body:
{
    "ingredients": [
        "invalidHash1",
        "invalidHash2"
    ]
}

HTTP/1.1 400 Bad Request
Server: nginx/1.18.0 (Ubuntu)
Date: Tue, 14 Oct 2025 19:57:25 GMT
Content-Type: application/json; charset=utf-8
Content-Length: 68
Connection: keep-alive
X-Powered-By: Express
Access-Control-Allow-Origin: *
ETag: W/"44-iv5yjzJnIFw/3XSnnHvmvdpwQ0Y"

{
    "success": false,
    "message": "One or more ids provided are incorrect"
}
]]></system-out>
  </testcase>
  <testcase name="shouldNotCreateOtderWithoutIngredients" classname="ru.yandex.practicum.tests.CreateOrderTest" time="1.241"/>
</testsuite>